# Logfile created on 2014-01-22 01:03:54 -0430 by logger.rb/31641
I, [2014-01-22T01:03:54.328418 #4340]  INFO -- : 0:  rake (10.1.1) from /var/lib/gems/1.9.1/specifications/rake-10.1.1.gemspec
I, [2014-01-22T01:03:54.328910 #4340]  INFO -- : 0:  i18n (0.6.9) from /var/lib/gems/1.9.1/specifications/i18n-0.6.9.gemspec
I, [2014-01-22T01:03:54.329210 #4340]  INFO -- : 0:  minitest (4.7.5) from /var/lib/gems/1.9.1/specifications/minitest-4.7.5.gemspec
I, [2014-01-22T01:03:56.070659 #4340]  INFO -- : 0:  multi_json (1.8.4) from /var/lib/gems/1.9.1/specifications/multi_json-1.8.4.gemspec
I, [2014-01-22T01:03:56.071471 #4340]  INFO -- : 0:  atomic (1.1.14) from /var/lib/gems/1.9.1/specifications/atomic-1.1.14.gemspec
I, [2014-01-22T01:03:56.072040 #4340]  INFO -- : 0:  thread_safe (0.1.3) from /var/lib/gems/1.9.1/specifications/thread_safe-0.1.3.gemspec
I, [2014-01-22T01:03:56.072495 #4340]  INFO -- : 0:  tzinfo (0.3.38) from /var/lib/gems/1.9.1/specifications/tzinfo-0.3.38.gemspec
I, [2014-01-22T01:03:56.072795 #4340]  INFO -- : 0:  activesupport (4.0.2) from /var/lib/gems/1.9.1/specifications/activesupport-4.0.2.gemspec
I, [2014-01-22T01:03:56.073084 #4340]  INFO -- : 0:  builder (3.1.4) from /var/lib/gems/1.9.1/specifications/builder-3.1.4.gemspec
I, [2014-01-22T01:03:56.073367 #4340]  INFO -- : 0:  erubis (2.7.0) from /var/lib/gems/1.9.1/specifications/erubis-2.7.0.gemspec
I, [2014-01-22T01:03:56.073694 #4340]  INFO -- : 0:  rack (1.5.2) from /var/lib/gems/1.9.1/specifications/rack-1.5.2.gemspec
I, [2014-01-22T01:03:56.073987 #4340]  INFO -- : 0:  rack-test (0.6.2) from /var/lib/gems/1.9.1/specifications/rack-test-0.6.2.gemspec
I, [2014-01-22T01:03:56.074302 #4340]  INFO -- : 0:  actionpack (4.0.2) from /var/lib/gems/1.9.1/specifications/actionpack-4.0.2.gemspec
I, [2014-01-22T01:03:56.074738 #4340]  INFO -- : 0:  mime-types (1.25.1) from /var/lib/gems/1.9.1/specifications/mime-types-1.25.1.gemspec
I, [2014-01-22T01:03:56.075023 #4340]  INFO -- : 0:  polyglot (0.3.3) from /var/lib/gems/1.9.1/specifications/polyglot-0.3.3.gemspec
I, [2014-01-22T01:03:56.075552 #4340]  INFO -- : 0:  treetop (1.4.15) from /var/lib/gems/1.9.1/specifications/treetop-1.4.15.gemspec
I, [2014-01-22T01:03:56.075870 #4340]  INFO -- : 0:  mail (2.5.4) from /var/lib/gems/1.9.1/specifications/mail-2.5.4.gemspec
I, [2014-01-22T01:03:56.076156 #4340]  INFO -- : 0:  actionmailer (4.0.2) from /var/lib/gems/1.9.1/specifications/actionmailer-4.0.2.gemspec
I, [2014-01-22T01:03:56.076439 #4340]  INFO -- : 0:  activemodel (4.0.2) from /var/lib/gems/1.9.1/specifications/activemodel-4.0.2.gemspec
I, [2014-01-22T01:03:56.076722 #4340]  INFO -- : 0:  activerecord-deprecated_finders (1.0.3) from /var/lib/gems/1.9.1/specifications/activerecord-deprecated_finders-1.0.3.gemspec
I, [2014-01-22T01:03:56.076999 #4340]  INFO -- : 0:  arel (4.0.1) from /var/lib/gems/1.9.1/specifications/arel-4.0.1.gemspec
I, [2014-01-22T01:03:56.077282 #4340]  INFO -- : 0:  activerecord (4.0.2) from /var/lib/gems/1.9.1/specifications/activerecord-4.0.2.gemspec
I, [2014-01-22T01:03:56.099946 #4340]  INFO -- : 0:  bundler (1.5.1) from /var/lib/gems/1.9.1/specifications/bundler-1.5.1.gemspec
I, [2014-01-22T01:03:56.101148 #4340]  INFO -- : 0:  coffee-script-source (1.6.3) from /var/lib/gems/1.9.1/specifications/coffee-script-source-1.6.3.gemspec
I, [2014-01-22T01:03:56.101593 #4340]  INFO -- : 0:  execjs (2.0.2) from /var/lib/gems/1.9.1/specifications/execjs-2.0.2.gemspec
I, [2014-01-22T01:03:56.101788 #4340]  INFO -- : 0:  coffee-script (2.2.0) from /var/lib/gems/1.9.1/specifications/coffee-script-2.2.0.gemspec
I, [2014-01-22T01:03:56.102139 #4340]  INFO -- : 0:  thor (0.18.1) from /var/lib/gems/1.9.1/specifications/thor-0.18.1.gemspec
I, [2014-01-22T01:03:56.102442 #4340]  INFO -- : 0:  railties (4.0.2) from /var/lib/gems/1.9.1/specifications/railties-4.0.2.gemspec
I, [2014-01-22T01:03:56.102745 #4340]  INFO -- : 0:  coffee-rails (4.0.1) from /var/lib/gems/1.9.1/specifications/coffee-rails-4.0.1.gemspec
I, [2014-01-22T01:03:56.103044 #4340]  INFO -- : 0:  hike (1.2.3) from /var/lib/gems/1.9.1/specifications/hike-1.2.3.gemspec
I, [2014-01-22T01:03:56.103373 #4340]  INFO -- : 0:  jbuilder (1.5.3) from /var/lib/gems/1.9.1/specifications/jbuilder-1.5.3.gemspec
I, [2014-01-22T01:03:56.103690 #4340]  INFO -- : 0:  jquery-rails (3.0.4) from /var/lib/gems/1.9.1/specifications/jquery-rails-3.0.4.gemspec
I, [2014-01-22T01:03:56.103985 #4340]  INFO -- : 0:  json (1.8.1) from /var/lib/gems/1.9.1/specifications/json-1.8.1.gemspec
I, [2014-01-22T01:03:56.104283 #4340]  INFO -- : 0:  tilt (1.4.1) from /var/lib/gems/1.9.1/specifications/tilt-1.4.1.gemspec
I, [2014-01-22T01:03:56.104681 #4340]  INFO -- : 0:  sprockets (2.10.1) from /var/lib/gems/1.9.1/specifications/sprockets-2.10.1.gemspec
I, [2014-01-22T01:03:56.104999 #4340]  INFO -- : 0:  sprockets-rails (2.0.1) from /var/lib/gems/1.9.1/specifications/sprockets-rails-2.0.1.gemspec
I, [2014-01-22T01:03:56.105331 #4340]  INFO -- : 0:  rails (4.0.2) from /var/lib/gems/1.9.1/specifications/rails-4.0.2.gemspec
I, [2014-01-22T01:04:03.659015 #4340]  INFO -- : 0:  rdoc (4.1.1) from /var/lib/gems/1.9.1/specifications/rdoc-4.1.1.gemspec
I, [2014-01-22T01:04:03.659608 #4340]  INFO -- : 0:  sass (3.2.13) from /var/lib/gems/1.9.1/specifications/sass-3.2.13.gemspec
I, [2014-01-22T01:04:03.660004 #4340]  INFO -- : 0:  sass-rails (4.0.1) from /var/lib/gems/1.9.1/specifications/sass-rails-4.0.1.gemspec
I, [2014-01-22T01:04:08.477341 #4340]  INFO -- : 0:  sdoc (0.4.0) from /var/lib/gems/1.9.1/specifications/sdoc-0.4.0.gemspec
I, [2014-01-22T01:04:08.477786 #4340]  INFO -- : 0:  sqlite3 (1.3.8) from /var/lib/gems/1.9.1/specifications/sqlite3-1.3.8.gemspec
I, [2014-01-22T01:04:10.156378 #4340]  INFO -- : 0:  turbolinks (2.2.0) from /var/lib/gems/1.9.1/specifications/turbolinks-2.2.0.gemspec
I, [2014-01-22T01:04:10.156778 #4340]  INFO -- : 0:  uglifier (2.4.0) from /var/lib/gems/1.9.1/specifications/uglifier-2.4.0.gemspec
